<?xml version="1.0" encoding="UTF-8"?>
<testng-results ignored="0" total="1" passed="1" failed="0" skipped="0">
  <reporter-output>
  </reporter-output>
  <suite started-at="2024-02-04T18:21:57 IST" name="Default suite" finished-at="2024-02-04T18:23:22 IST" duration-ms="85659">
    <groups>
    </groups>
    <test started-at="2024-02-04T18:21:57 IST" name="Default test" finished-at="2024-02-04T18:23:22 IST" duration-ms="85659">
      <class name="Basic_functionality.fb_registration">
        <test-method is-config="true" signature="beforeClass()[pri:0, instance:Basic_functionality.fb_registration@206a70ef]" started-at="2024-02-04T18:21:57 IST" name="beforeClass" finished-at="2024-02-04T18:22:36 IST" duration-ms="39189" status="PASS">
          <reporter-output>
          </reporter-output>
        </test-method> <!-- beforeClass -->
        <test-method is-config="true" signature="beforeMethod()[pri:0, instance:Basic_functionality.fb_registration@206a70ef]" started-at="2024-02-04T18:22:36 IST" name="beforeMethod" finished-at="2024-02-04T18:23:08 IST" duration-ms="32142" status="PASS">
          <reporter-output>
          </reporter-output>
        </test-method> <!-- beforeMethod -->
        <test-method signature="test()[pri:0, instance:Basic_functionality.fb_registration@206a70ef]" started-at="2024-02-04T18:23:08 IST" name="test" finished-at="2024-02-04T18:23:19 IST" duration-ms="10624" status="PASS">
          <reporter-output>
          </reporter-output>
        </test-method> <!-- test -->
        <test-method is-config="true" signature="afterMethod()[pri:0, instance:Basic_functionality.fb_registration@206a70ef]" started-at="2024-02-04T18:23:19 IST" name="afterMethod" finished-at="2024-02-04T18:23:19 IST" duration-ms="15" status="PASS">
          <reporter-output>
          </reporter-output>
        </test-method> <!-- afterMethod -->
        <test-method is-config="true" signature="afterClass()[pri:0, instance:Basic_functionality.fb_registration@206a70ef]" started-at="2024-02-04T18:23:19 IST" name="afterClass" finished-at="2024-02-04T18:23:22 IST" duration-ms="3459" status="PASS">
          <reporter-output>
          </reporter-output>
        </test-method> <!-- afterClass -->
      </class> <!-- Basic_functionality.fb_registration -->
    </test> <!-- Default test -->
  </suite> <!-- Default suite -->
</testng-results>
